TN:
SF:/home/manish/Desktop/newassignment/index.js
FN:55,(anonymous_0)
FN:97,(anonymous_1)
FN:126,(anonymous_2)
FN:132,(anonymous_3)
FN:137,(anonymous_4)
FN:143,(anonymous_5)
FN:150,(anonymous_6)
FN:154,(anonymous_7)
FN:183,(anonymous_8)
FN:193,(anonymous_9)
FN:199,(anonymous_10)
FN:223,(anonymous_11)
FN:231,(anonymous_12)
FN:246,(anonymous_13)
FN:286,(anonymous_14)
FN:304,(anonymous_15)
FNF:16
FNH:2
FNDA:2,(anonymous_0)
FNDA:0,(anonymous_1)
FNDA:0,(anonymous_2)
FNDA:0,(anonymous_3)
FNDA:0,(anonymous_4)
FNDA:0,(anonymous_5)
FNDA:0,(anonymous_6)
FNDA:0,(anonymous_7)
FNDA:0,(anonymous_8)
FNDA:0,(anonymous_9)
FNDA:0,(anonymous_10)
FNDA:0,(anonymous_11)
FNDA:0,(anonymous_12)
FNDA:0,(anonymous_13)
FNDA:0,(anonymous_14)
FNDA:2,(anonymous_15)
DA:1,1
DA:2,1
DA:3,1
DA:5,1
DA:6,1
DA:12,1
DA:33,1
DA:38,1
DA:40,1
DA:44,1
DA:46,1
DA:48,1
DA:55,1
DA:57,2
DA:58,2
DA:59,2
DA:60,2
DA:64,1
DA:97,1
DA:99,0
DA:100,0
DA:126,1
DA:129,0
DA:134,0
DA:135,0
DA:143,1
DA:145,0
DA:151,0
DA:152,0
DA:183,1
DA:185,0
DA:194,0
DA:195,0
DA:223,1
DA:224,0
DA:226,0
DA:232,0
DA:234,0
DA:235,0
DA:239,0
DA:247,0
DA:286,1
DA:288,0
DA:289,0
DA:304,1
DA:308,2
DA:309,2
DA:310,2
DA:322,1
DA:324,1
DA:327,1
LF:51
LH:31
BRDA:232,0,0,0
BRDA:232,0,1,0
BRF:2
BRH:0
end_of_record
TN:
SF:/home/manish/Desktop/newassignment/configs/databaseconfig.js
FN:11,(anonymous_0)
FN:14,(anonymous_1)
FNF:2
FNH:1
FNDA:1,(anonymous_0)
FNDA:0,(anonymous_1)
DA:1,1
DA:3,1
DA:10,1
DA:12,1
DA:16,0
DA:20,1
LF:6
LH:5
BRF:0
BRH:0
end_of_record
TN:
SF:/home/manish/Desktop/newassignment/controllers/AuthenticationController.js
FN:7,validator
FN:16,(anonymous_1)
FN:24,(anonymous_2)
FN:36,check
FN:41,(anonymous_4)
FN:45,(anonymous_5)
FN:54,jwtTokenGen
FN:63,(anonymous_7)
FN:80,tokenVerify
FN:93,(anonymous_9)
FNF:10
FNH:0
FNDA:0,validator
FNDA:0,(anonymous_1)
FNDA:0,(anonymous_2)
FNDA:0,check
FNDA:0,(anonymous_4)
FNDA:0,(anonymous_5)
FNDA:0,jwtTokenGen
FNDA:0,(anonymous_7)
FNDA:0,tokenVerify
FNDA:0,(anonymous_9)
DA:3,1
DA:4,1
DA:5,1
DA:9,0
DA:19,0
DA:20,0
DA:26,0
DA:40,0
DA:42,0
DA:46,0
DA:56,0
DA:64,0
DA:65,0
DA:66,0
DA:69,0
DA:70,0
DA:82,0
DA:84,0
DA:86,0
DA:91,0
DA:93,0
DA:94,0
DA:95,0
DA:96,0
DA:97,0
DA:100,0
DA:107,1
LF:27
LH:4
BRDA:64,0,0,0
BRDA:64,0,1,0
BRDA:64,1,0,0
BRDA:64,1,1,0
BRDA:84,2,0,0
BRDA:84,2,1,0
BRDA:95,3,0,0
BRDA:95,3,1,0
BRF:8
BRH:0
end_of_record
TN:
SF:/home/manish/Desktop/newassignment/controllers/UsersController.js
FN:31,validator
FN:35,(anonymous_1)
FN:40,(anonymous_2)
FN:80,hashGenerator
FN:84,(anonymous_4)
FN:89,(anonymous_5)
FN:96,registerUser
FN:102,(anonymous_7)
FN:107,(anonymous_8)
FNF:9
FNH:2
FNDA:2,validator
FNDA:2,(anonymous_1)
FNDA:0,(anonymous_2)
FNDA:0,hashGenerator
FNDA:0,(anonymous_4)
FNDA:0,(anonymous_5)
FNDA:0,registerUser
FNDA:0,(anonymous_7)
FNDA:0,(anonymous_8)
DA:1,1
DA:2,1
DA:3,1
DA:32,2
DA:36,2
DA:37,2
DA:41,0
DA:82,0
DA:83,0
DA:86,0
DA:87,0
DA:97,0
DA:104,0
DA:109,0
DA:115,1
LF:15
LH:7
BRDA:36,0,0,2
BRDA:36,0,1,0
BRF:2
BRH:1
end_of_record
TN:
SF:/home/manish/Desktop/newassignment/models/UsersModel.js
FN:41,(anonymous_0)
FN:44,(anonymous_1)
FNF:2
FNH:1
FNDA:1,(anonymous_0)
FNDA:0,(anonymous_1)
DA:1,1
DA:4,1
DA:40,1
DA:42,1
DA:45,0
DA:48,1
LF:6
LH:5
BRF:0
BRH:0
end_of_record
